* Starting client
* Connecting to master process on port 7387
* Analyzing classpath: 
  - /Users/Peifeng/Desktop/Study/Topics-in-Software-Engineering/project/evosuite/http-request/lib/target/classes
  - /Library/Java/JavaVirtualMachines/jdk1.8.0_77.jdk/Contents/Home/jre/lib/charsets.jar
  - /Library/Java/JavaVirtualMachines/jdk1.8.0_77.jdk/Contents/Home/jre/lib/deploy.jar
  - /Library/Java/JavaVirtualMachines/jdk1.8.0_77.jdk/Contents/Home/jre/lib/ext/cldrdata.jar
  - /Library/Java/JavaVirtualMachines/jdk1.8.0_77.jdk/Contents/Home/jre/lib/ext/dnsns.jar
  - /Library/Java/JavaVirtualMachines/jdk1.8.0_77.jdk/Contents/Home/jre/lib/ext/jaccess.jar
  - /Library/Java/JavaVirtualMachines/jdk1.8.0_77.jdk/Contents/Home/jre/lib/ext/jfxrt.jar
  - /Library/Java/JavaVirtualMachines/jdk1.8.0_77.jdk/Contents/Home/jre/lib/ext/localedata.jar
  - /Library/Java/JavaVirtualMachines/jdk1.8.0_77.jdk/Contents/Home/jre/lib/ext/nashorn.jar
  - /Library/Java/JavaVirtualMachines/jdk1.8.0_77.jdk/Contents/Home/jre/lib/ext/sunec.jar
  - /Library/Java/JavaVirtualMachines/jdk1.8.0_77.jdk/Contents/Home/jre/lib/ext/sunjce_provider.jar
  - /Library/Java/JavaVirtualMachines/jdk1.8.0_77.jdk/Contents/Home/jre/lib/ext/sunpkcs11.jar
  - /Library/Java/JavaVirtualMachines/jdk1.8.0_77.jdk/Contents/Home/jre/lib/ext/zipfs.jar
  - /Library/Java/JavaVirtualMachines/jdk1.8.0_77.jdk/Contents/Home/jre/lib/javaws.jar
  - /Library/Java/JavaVirtualMachines/jdk1.8.0_77.jdk/Contents/Home/jre/lib/jce.jar
  - /Library/Java/JavaVirtualMachines/jdk1.8.0_77.jdk/Contents/Home/jre/lib/jfr.jar
  - /Library/Java/JavaVirtualMachines/jdk1.8.0_77.jdk/Contents/Home/jre/lib/jfxswt.jar
  - /Library/Java/JavaVirtualMachines/jdk1.8.0_77.jdk/Contents/Home/jre/lib/jsse.jar
  - /Library/Java/JavaVirtualMachines/jdk1.8.0_77.jdk/Contents/Home/jre/lib/management-agent.jar
  - /Library/Java/JavaVirtualMachines/jdk1.8.0_77.jdk/Contents/Home/jre/lib/plugin.jar
  - /Library/Java/JavaVirtualMachines/jdk1.8.0_77.jdk/Contents/Home/jre/lib/resources.jar
  - /Library/Java/JavaVirtualMachines/jdk1.8.0_77.jdk/Contents/Home/jre/lib/rt.jar
  - /Library/Java/JavaVirtualMachines/jdk1.8.0_77.jdk/Contents/Home/lib/ant-javafx.jar
  - /Library/Java/JavaVirtualMachines/jdk1.8.0_77.jdk/Contents/Home/lib/dt.jar
  - /Library/Java/JavaVirtualMachines/jdk1.8.0_77.jdk/Contents/Home/lib/javafx-mx.jar
  - /Library/Java/JavaVirtualMachines/jdk1.8.0_77.jdk/Contents/Home/lib/jconsole.jar
  - /Library/Java/JavaVirtualMachines/jdk1.8.0_77.jdk/Contents/Home/lib/packager.jar
  - /Library/Java/JavaVirtualMachines/jdk1.8.0_77.jdk/Contents/Home/lib/sa-jdi.jar
  - /Library/Java/JavaVirtualMachines/jdk1.8.0_77.jdk/Contents/Home/lib/tools.jar
  - /Users/Peifeng/Desktop/Study/Topics-in-Software-Engineering/project/evosuite/http-request/lib/target/test-classes
  - /Users/Peifeng/Desktop/Study/Topics-in-Software-Engineering/project/evosuite/http-request/lib/target/classes
  - /Users/Peifeng/.m2/repository/junit/junit/4.10/junit-4.10.jar
  - /Users/Peifeng/.m2/repository/org/hamcrest/hamcrest-core/1.1/hamcrest-core-1.1.jar
  - /Users/Peifeng/.m2/repository/org/eclipse/jetty/jetty-server/8.1.9.v20130131/jetty-server-8.1.9.v20130131.jar
  - /Users/Peifeng/.m2/repository/org/eclipse/jetty/orbit/javax.servlet/3.0.0.v201112011016/javax.servlet-3.0.0.v201112011016.jar
  - /Users/Peifeng/.m2/repository/org/eclipse/jetty/jetty-continuation/8.1.9.v20130131/jetty-continuation-8.1.9.v20130131.jar
  - /Users/Peifeng/.m2/repository/org/eclipse/jetty/jetty-http/8.1.9.v20130131/jetty-http-8.1.9.v20130131.jar
  - /Users/Peifeng/.m2/repository/org/eclipse/jetty/jetty-io/8.1.9.v20130131/jetty-io-8.1.9.v20130131.jar
  - /Users/Peifeng/.m2/repository/org/eclipse/jetty/jetty-servlet/8.1.9.v20130131/jetty-servlet-8.1.9.v20130131.jar
  - /Users/Peifeng/.m2/repository/org/eclipse/jetty/jetty-security/8.1.9.v20130131/jetty-security-8.1.9.v20130131.jar
  - /Users/Peifeng/.m2/repository/org/eclipse/jetty/jetty-servlets/8.1.9.v20130131/jetty-servlets-8.1.9.v20130131.jar
  - /Users/Peifeng/.m2/repository/org/eclipse/jetty/jetty-client/8.1.9.v20130131/jetty-client-8.1.9.v20130131.jar
  - /Users/Peifeng/.m2/repository/org/eclipse/jetty/jetty-util/8.1.9.v20130131/jetty-util-8.1.9.v20130131.jar
* Finished analyzing classpath
* Generating tests for class com.github.kevinsawicki.http.HttpRequest
* Test criteria:
  - Line Coverage
  - Branch Coverage
  - Exception
  - Mutation testing (weak)
  - Method-Output Coverage
  - Top-Level Method Coverage
  - No-Exception Top-Level Method Coverage
  - Context Branch Coverage
* Setting up search algorithm for whole suite generation
[MASTER] 06:08:46.408 [pool-2-thread-1] WARN  TestSuiteSerialization - Cannot load tests because file does not exist: /Users/Peifeng/Desktop/Study/Topics-in-Software-Engineering/project/evosuite/http-request/lib/.evosuite/evosuite-seeds/com.github.kevinsawicki.http.HttpRequest.seed
* Loaded 0 tests from /Users/Peifeng/Desktop/Study/Topics-in-Software-Engineering/project/evosuite/http-request/lib/.evosuite/evosuite-seeds/com.github.kevinsawicki.http.HttpRequest.seed
* Total number of test goals: 
  - Line 706
  - Branch 463
  - Exception 0
  - MutationFactory 830
  - Output 758
  - Method 172
  - MethodNoException 172
  - CBranchFitnessFactory 463
* Using seed 1513346879387
* Starting evolution
[CS527 Peifeng] Starting to read population file

Start Time: 2017-12-15T14:11:37.007Z
[CS527 Peifeng] [Coverage: 40.41%] [Elapsed Time: 0:01:11 | 71232 mS]
[CS527 Peifeng] [Coverage: 41.56%] [Elapsed Time: 0:01:50 | 110827 mS]
[CS527 Peifeng] Saving best population to /Users/Peifeng/Desktop/Study/Topics-in-Software-Engineering/project/evosuite/http-request/lib/.evosuite-custom/population-com.github.kevinsawicki.http.HttpRequest.txt, population size: 51
[CS527 Peifeng] Coverage of the population: 40.74%,40.40%,39.16%,38.08%,47.52%,47.29%,47.26%,47.43%,47.26%,47.43%,47.26%,47.43%,47.43%,47.43%,47.40%,47.23%,47.40%,47.40%,47.23%,47.33%,47.16%,47.16%,47.33%,47.33%,47.33%,47.33%,47.33%,47.16%,47.16%,47.16%,47.16%,47.16%,47.16%,47.31%,37.84%,47.16%,37.72%,47.02%,37.14%,37.14%,37.53%,47.11%,36.83%,37.17%,46.71%,36.64%,36.64%,36.64%,46.44%,46.25%,47.09%
* Search finished after 301s and 2 generations, 20953 statements, best individual has fitness: 3757.931318377344
* Writing sequences to pool
[MASTER] 06:13:53.125 [pool-2-thread-1] WARN  TimeController - Phase SEARCH lasted too long, 40 seconds more than allowed.
* Minimizing test suite
[MASTER] 06:14:38.634 [pool-2-thread-1] WARN  TestSuiteMinimizer - Minimization timeout. Roll back to original test suite
* Going to analyze the coverage criteria
* Coverage analysis for criterion LINE
* Coverage of criterion LINE: 58%
* Total number of goals: 706
* Number of covered goals: 411
* Coverage analysis for criterion BRANCH
* Coverage of criterion BRANCH: 53%
* Total number of goals: 463
* Number of covered goals: 246
* Coverage analysis for criterion EXCEPTION
* Coverage of criterion EXCEPTION: 100%
* Total number of goals: 73
* Number of covered goals: 73
* Coverage analysis for criterion WEAKMUTATION
* Coverage of criterion WEAKMUTATION: 59%
* Total number of goals: 830
* Number of covered goals: 488
* Coverage analysis for criterion OUTPUT
* Coverage of criterion OUTPUT: 8%
* Total number of goals: 758
* Number of covered goals: 62
* Coverage analysis for criterion METHOD
* Coverage of criterion METHOD: 58%
* Total number of goals: 172
* Number of covered goals: 100
* Coverage analysis for criterion METHODNOEXCEPTION
* Coverage of criterion METHODNOEXCEPTION: 28%
* Total number of goals: 172
* Number of covered goals: 48
* Coverage analysis for criterion CBRANCH
* Coverage of criterion CBRANCH: 41%
* Total number of goals: 463
* Number of covered goals: 192
* Generated 110 tests with total length 1063
* Resulting test suite's coverage: 42% (average coverage for all fitness functions)
* Generating assertions
[MASTER] 06:15:20.074 [pool-2-thread-1] WARN  SimpleMutationAssertionGenerator - Assertion minimization is taking too long (0.7877954545454545% of time used, but only 8/110 tests minimized), falling back to using all assertions
* Resulting test suite's mutation score: 0%
* Compiling and checking tests
* Permissions denied during test execution: 
  - java.lang.RuntimePermission: 
         writeFileDescriptor: 3
[MASTER] 06:16:12.399 [pool-2-thread-1] WARN  TimeController - Current phase WRITING_TESTS could run up to 44s, but only 36s are left
* Writing JUnit test case 'HttpRequest_ESTest' to /Users/Peifeng/Desktop/Study/Topics-in-Software-Engineering/project/evosuite/http-request/lib/.evosuite/tmp_2017_12_15_06_07_39/tests
* Done!

