* Starting client
* Connecting to master process on port 14296
* Analyzing classpath: 
  - /Users/Peifeng/Desktop/Study/Topics-in-Software-Engineering/project/evosuite/http-request/lib/target/classes
  - /Library/Java/JavaVirtualMachines/jdk1.8.0_77.jdk/Contents/Home/jre/lib/charsets.jar
  - /Library/Java/JavaVirtualMachines/jdk1.8.0_77.jdk/Contents/Home/jre/lib/deploy.jar
  - /Library/Java/JavaVirtualMachines/jdk1.8.0_77.jdk/Contents/Home/jre/lib/ext/cldrdata.jar
  - /Library/Java/JavaVirtualMachines/jdk1.8.0_77.jdk/Contents/Home/jre/lib/ext/dnsns.jar
  - /Library/Java/JavaVirtualMachines/jdk1.8.0_77.jdk/Contents/Home/jre/lib/ext/jaccess.jar
  - /Library/Java/JavaVirtualMachines/jdk1.8.0_77.jdk/Contents/Home/jre/lib/ext/jfxrt.jar
  - /Library/Java/JavaVirtualMachines/jdk1.8.0_77.jdk/Contents/Home/jre/lib/ext/localedata.jar
  - /Library/Java/JavaVirtualMachines/jdk1.8.0_77.jdk/Contents/Home/jre/lib/ext/nashorn.jar
  - /Library/Java/JavaVirtualMachines/jdk1.8.0_77.jdk/Contents/Home/jre/lib/ext/sunec.jar
  - /Library/Java/JavaVirtualMachines/jdk1.8.0_77.jdk/Contents/Home/jre/lib/ext/sunjce_provider.jar
  - /Library/Java/JavaVirtualMachines/jdk1.8.0_77.jdk/Contents/Home/jre/lib/ext/sunpkcs11.jar
  - /Library/Java/JavaVirtualMachines/jdk1.8.0_77.jdk/Contents/Home/jre/lib/ext/zipfs.jar
  - /Library/Java/JavaVirtualMachines/jdk1.8.0_77.jdk/Contents/Home/jre/lib/javaws.jar
  - /Library/Java/JavaVirtualMachines/jdk1.8.0_77.jdk/Contents/Home/jre/lib/jce.jar
  - /Library/Java/JavaVirtualMachines/jdk1.8.0_77.jdk/Contents/Home/jre/lib/jfr.jar
  - /Library/Java/JavaVirtualMachines/jdk1.8.0_77.jdk/Contents/Home/jre/lib/jfxswt.jar
  - /Library/Java/JavaVirtualMachines/jdk1.8.0_77.jdk/Contents/Home/jre/lib/jsse.jar
  - /Library/Java/JavaVirtualMachines/jdk1.8.0_77.jdk/Contents/Home/jre/lib/management-agent.jar
  - /Library/Java/JavaVirtualMachines/jdk1.8.0_77.jdk/Contents/Home/jre/lib/plugin.jar
  - /Library/Java/JavaVirtualMachines/jdk1.8.0_77.jdk/Contents/Home/jre/lib/resources.jar
  - /Library/Java/JavaVirtualMachines/jdk1.8.0_77.jdk/Contents/Home/jre/lib/rt.jar
  - /Library/Java/JavaVirtualMachines/jdk1.8.0_77.jdk/Contents/Home/lib/ant-javafx.jar
  - /Library/Java/JavaVirtualMachines/jdk1.8.0_77.jdk/Contents/Home/lib/dt.jar
  - /Library/Java/JavaVirtualMachines/jdk1.8.0_77.jdk/Contents/Home/lib/javafx-mx.jar
  - /Library/Java/JavaVirtualMachines/jdk1.8.0_77.jdk/Contents/Home/lib/jconsole.jar
  - /Library/Java/JavaVirtualMachines/jdk1.8.0_77.jdk/Contents/Home/lib/packager.jar
  - /Library/Java/JavaVirtualMachines/jdk1.8.0_77.jdk/Contents/Home/lib/sa-jdi.jar
  - /Library/Java/JavaVirtualMachines/jdk1.8.0_77.jdk/Contents/Home/lib/tools.jar
  - /Users/Peifeng/Desktop/Study/Topics-in-Software-Engineering/project/evosuite/http-request/lib/target/test-classes
  - /Users/Peifeng/Desktop/Study/Topics-in-Software-Engineering/project/evosuite/http-request/lib/target/classes
  - /Users/Peifeng/.m2/repository/junit/junit/4.10/junit-4.10.jar
  - /Users/Peifeng/.m2/repository/org/hamcrest/hamcrest-core/1.1/hamcrest-core-1.1.jar
  - /Users/Peifeng/.m2/repository/org/eclipse/jetty/jetty-server/8.1.9.v20130131/jetty-server-8.1.9.v20130131.jar
  - /Users/Peifeng/.m2/repository/org/eclipse/jetty/orbit/javax.servlet/3.0.0.v201112011016/javax.servlet-3.0.0.v201112011016.jar
  - /Users/Peifeng/.m2/repository/org/eclipse/jetty/jetty-continuation/8.1.9.v20130131/jetty-continuation-8.1.9.v20130131.jar
  - /Users/Peifeng/.m2/repository/org/eclipse/jetty/jetty-http/8.1.9.v20130131/jetty-http-8.1.9.v20130131.jar
  - /Users/Peifeng/.m2/repository/org/eclipse/jetty/jetty-io/8.1.9.v20130131/jetty-io-8.1.9.v20130131.jar
  - /Users/Peifeng/.m2/repository/org/eclipse/jetty/jetty-servlet/8.1.9.v20130131/jetty-servlet-8.1.9.v20130131.jar
  - /Users/Peifeng/.m2/repository/org/eclipse/jetty/jetty-security/8.1.9.v20130131/jetty-security-8.1.9.v20130131.jar
  - /Users/Peifeng/.m2/repository/org/eclipse/jetty/jetty-servlets/8.1.9.v20130131/jetty-servlets-8.1.9.v20130131.jar
  - /Users/Peifeng/.m2/repository/org/eclipse/jetty/jetty-client/8.1.9.v20130131/jetty-client-8.1.9.v20130131.jar
  - /Users/Peifeng/.m2/repository/org/eclipse/jetty/jetty-util/8.1.9.v20130131/jetty-util-8.1.9.v20130131.jar
* Finished analyzing classpath
* Generating tests for class com.github.kevinsawicki.http.HttpRequest
* Test criteria:
  - Line Coverage
  - Branch Coverage
  - Exception
  - Mutation testing (weak)
  - Method-Output Coverage
  - Top-Level Method Coverage
  - No-Exception Top-Level Method Coverage
  - Context Branch Coverage
* Setting up search algorithm for whole suite generation
[MASTER] 01:06:02.020 [pool-2-thread-1] WARN  TestSuiteSerialization - Cannot load tests because file does not exist: /Users/Peifeng/Desktop/Study/Topics-in-Software-Engineering/project/evosuite/http-request/lib/.evosuite/evosuite-seeds/com.github.kevinsawicki.http.HttpRequest.seed
* Loaded 0 tests from /Users/Peifeng/Desktop/Study/Topics-in-Software-Engineering/project/evosuite/http-request/lib/.evosuite/evosuite-seeds/com.github.kevinsawicki.http.HttpRequest.seed
* Total number of test goals: 
  - Line 706
  - Branch 463
  - Exception 0
  - MutationFactory 830
  - Output 758
  - Method 172
  - MethodNoException 172
  - CBranchFitnessFactory 463
* Using seed 1513328732684
* Starting evolution

Start Time: 2017-12-15T09:07:16.486Z
[CS527 Peifeng] [Coverage: 33.04%] [Elapsed Time: 0:00:05 | 5221 mS]
[CS527 Peifeng] [Coverage: 34.52%] [Elapsed Time: 0:00:08 | 8358 mS]
[CS527 Peifeng] [Coverage: 35.05%] [Elapsed Time: 0:00:12 | 12087 mS]
[CS527 Peifeng] [Coverage: 35.45%] [Elapsed Time: 0:00:20 | 20509 mS]
[CS527 Peifeng] [Coverage: 36.08%] [Elapsed Time: 0:00:23 | 23315 mS]
[CS527 Peifeng] [Coverage: 36.42%] [Elapsed Time: 0:00:28 | 28958 mS]
[CS527 Peifeng] [Coverage: 36.61%] [Elapsed Time: 0:00:31 | 31626 mS]
[CS527 Peifeng] [Coverage: 37.26%] [Elapsed Time: 0:00:33 | 33824 mS]
[CS527 Peifeng] [Coverage: 37.44%] [Elapsed Time: 0:00:36 | 36111 mS]
[CS527 Peifeng] [Coverage: 37.97%] [Elapsed Time: 0:00:37 | 37796 mS]
[CS527 Peifeng] [Coverage: 38.46%] [Elapsed Time: 0:00:40 | 40364 mS]
[CS527 Peifeng] [Coverage: 38.65%] [Elapsed Time: 0:00:42 | 42256 mS]
[CS527 Peifeng] [Coverage: 39.15%] [Elapsed Time: 0:00:43 | 43824 mS]
[CS527 Peifeng] [Coverage: 39.53%] [Elapsed Time: 0:00:45 | 45433 mS]
[CS527 Peifeng] [Coverage: 39.59%] [Elapsed Time: 0:00:47 | 47398 mS]
[CS527 Peifeng] [Coverage: 39.63%] [Elapsed Time: 0:00:49 | 49557 mS]
[CS527 Peifeng] [Coverage: 39.88%] [Elapsed Time: 0:00:52 | 52150 mS]
[CS527 Peifeng] [Coverage: 41.07%] [Elapsed Time: 0:00:55 | 55500 mS]
[CS527 Peifeng] [Coverage: 41.70%] [Elapsed Time: 0:00:57 | 57388 mS]
[CS527 Peifeng] [Coverage: 41.90%] [Elapsed Time: 0:01:00 | 60738 mS]
[CS527 Peifeng] [Coverage: 42.06%] [Elapsed Time: 0:01:03 | 63421 mS]
[CS527 Peifeng] [Coverage: 42.29%] [Elapsed Time: 0:01:07 | 67029 mS]
[CS527 Peifeng] [Coverage: 42.39%] [Elapsed Time: 0:01:12 | 72152 mS]
[CS527 Peifeng] [Coverage: 43.09%] [Elapsed Time: 0:01:20 | 80836 mS]
[CS527 Peifeng] [Coverage: 43.39%] [Elapsed Time: 0:01:27 | 87341 mS]
[CS527 Peifeng] [Coverage: 43.43%] [Elapsed Time: 0:01:35 | 95934 mS]
[CS527 Peifeng] [Coverage: 43.57%] [Elapsed Time: 0:01:43 | 103920 mS]
[CS527 Peifeng] [Coverage: 43.59%] [Elapsed Time: 0:01:50 | 110306 mS]
[CS527 Peifeng] [Coverage: 43.70%] [Elapsed Time: 0:01:57 | 117987 mS]
[CS527 Peifeng] [Coverage: 43.82%] [Elapsed Time: 0:02:06 | 126863 mS]
[CS527 Peifeng] [Coverage: 43.82%] [Elapsed Time: 0:02:15 | 135095 mS]
[CS527 Peifeng] [Coverage: 43.89%] [Elapsed Time: 0:02:22 | 142833 mS]
[CS527 Peifeng] [Coverage: 44.00%] [Elapsed Time: 0:02:28 | 148599 mS]
[CS527 Peifeng] [Coverage: 44.36%] [Elapsed Time: 0:02:35 | 155107 mS]
[CS527 Peifeng] [Coverage: 44.51%] [Elapsed Time: 0:02:40 | 160895 mS]
[CS527 Peifeng] [Coverage: 44.90%] [Elapsed Time: 0:02:47 | 167423 mS]
[CS527 Peifeng] [Coverage: 45.49%] [Elapsed Time: 0:02:54 | 174303 mS]
[CS527 Peifeng] [Coverage: 45.94%] [Elapsed Time: 0:03:00 | 180612 mS]
[CS527 Peifeng] [Coverage: 46.11%] [Elapsed Time: 0:03:09 | 189090 mS]
[CS527 Peifeng] [Coverage: 46.66%] [Elapsed Time: 0:03:15 | 195238 mS]
[CS527 Peifeng] Saving best population to /Users/Peifeng/Desktop/Study/Topics-in-Software-Engineering/project/evosuite/http-request/lib/.evosuite-custom/population-com.github.kevinsawicki.http.HttpRequest.txt, population size: 51
[CS527 Peifeng] Coverage of the population: 46.11%,46.78%,46.66%,46.11%,46.76%,46.76%,46.76%,46.04%,46.04%,46.04%,46.04%,46.59%,46.04%,45.99%,46.11%,46.11%,46.21%,46.76%,46.76%,46.21%,46.56%,46.56%,46.64%,46.09%,46.09%,46.64%,46.64%,46.02%,45.95%,45.95%,45.95%,45.95%,45.97%,45.99%,45.99%,46.52%,45.97%,46.52%,46.52%,45.97%,45.97%,45.92%,45.92%,46.47%,45.92%,46.42%,45.83%,45.42%,45.42%,45.63%,44.46%
[MASTER] 01:10:43.804 [pool-2-thread-1] WARN  TimeController - Operation 'update from archive' took too long: 7486ms
* Search finished after 282s and 40 generations, 17872 statements, best individual has fitness: 4800.615552879215
* Writing sequences to pool
* Minimizing test suite
[MASTER] 01:11:37.478 [pool-2-thread-1] WARN  TestSuiteMinimizer - Minimization timeout. Roll back to original test suite
* Going to analyze the coverage criteria
* Coverage analysis for criterion LINE
* Coverage of criterion LINE: 61%
* Total number of goals: 706
* Number of covered goals: 432
* Coverage analysis for criterion BRANCH
* Coverage of criterion BRANCH: 55%
* Total number of goals: 463
* Number of covered goals: 254
* Coverage analysis for criterion EXCEPTION
* Coverage of criterion EXCEPTION: 99%
* Total number of goals: 117
* Number of covered goals: 116
* Coverage analysis for criterion WEAKMUTATION
* Coverage of criterion WEAKMUTATION: 60%
* Total number of goals: 830
* Number of covered goals: 501
* Coverage analysis for criterion OUTPUT
* Coverage of criterion OUTPUT: 13%
* Total number of goals: 758
* Number of covered goals: 95
* Coverage analysis for criterion METHOD
* Coverage of criterion METHOD: 76%
* Total number of goals: 172
* Number of covered goals: 130
* Coverage analysis for criterion METHODNOEXCEPTION
* Coverage of criterion METHODNOEXCEPTION: 41%
* Total number of goals: 172
* Number of covered goals: 71
* Coverage analysis for criterion CBRANCH
* Coverage of criterion CBRANCH: 49%
* Total number of goals: 463
* Number of covered goals: 225
* Generated 175 tests with total length 1525
* Resulting test suite's coverage: 49% (average coverage for all fitness functions)
* Generating assertions
[MASTER] 01:12:16.050 [pool-2-thread-1] WARN  SimpleMutationAssertionGenerator - Assertion minimization is taking too long (0.769090909090909% of time used, but only 5/175 tests minimized), falling back to using all assertions
* Resulting test suite's mutation score: 0%
* Compiling and checking tests
* Permissions denied during test execution: 
  - java.lang.RuntimePermission: 
         writeFileDescriptor: 2
* Writing JUnit test case 'HttpRequest_ESTest' to /Users/Peifeng/Desktop/Study/Topics-in-Software-Engineering/project/evosuite/http-request/lib/.evosuite/tmp_2017_12_15_01_05_17/tests
* Done!

