[MASTER] 05:31:26.092 [pool-2-thread-1] ERROR TestCluster - Failed to check cache for java.util.LinkedList<E> : Type points to itself
[MASTER] 05:31:26.139 [pool-2-thread-1] ERROR TestCluster - Failed to check cache for java.util.ArrayDeque<E> : Type points to itself
[MASTER] 05:31:26.140 [pool-2-thread-1] ERROR TestCluster - Failed to check cache for java.util.ArrayList<E> : Type points to itself
[MASTER] 05:31:26.140 [pool-2-thread-1] ERROR TestCluster - Failed to check cache for java.util.EnumSet<E> : Type points to itself
[MASTER] 05:31:26.143 [pool-2-thread-1] ERROR TestCluster - Failed to check cache for java.util.HashSet<E> : Type points to itself
[MASTER] 05:31:26.144 [pool-2-thread-1] ERROR TestCluster - Failed to check cache for java.util.LinkedHashSet<E> : Type points to itself
[MASTER] 05:31:26.146 [pool-2-thread-1] ERROR TestCluster - Failed to check cache for java.util.PriorityQueue<E> : Type points to itself
[MASTER] 05:31:26.148 [pool-2-thread-1] ERROR TestCluster - Failed to check cache for java.util.ServiceLoader<S> : Type points to itself
[MASTER] 05:31:26.150 [pool-2-thread-1] ERROR TestCluster - Failed to check cache for java.util.Stack<E> : Type points to itself
[MASTER] 05:31:26.151 [pool-2-thread-1] ERROR TestCluster - Failed to check cache for java.util.TreeSet<E> : Type points to itself
[MASTER] 05:31:26.154 [pool-2-thread-1] ERROR TestCluster - Failed to check cache for java.util.Vector<E> : Type points to itself
[MASTER] 05:31:26.156 [pool-2-thread-1] ERROR TestCluster - Failed to check cache for java.util.AbstractMap<K, V>.SimpleEntry<K, V> : Type points to itself
[MASTER] 05:31:26.157 [pool-2-thread-1] ERROR TestCluster - Failed to check cache for java.util.AbstractMap<K, V>.SimpleImmutableEntry<K, V> : Type points to itself
[MASTER] 05:31:36.893 [pool-2-thread-1] ERROR TestCluster - Failed to check cache for java.util.Comparator<T> : Type points to itself
[MASTER] 05:31:41.694 [pool-2-thread-1] ERROR TestCluster - Failed to check cache for java.util.Enumeration<E> : Type points to itself
[MASTER] 05:32:46.654 [pool-2-thread-1] ERROR TestCluster - Failed to check cache for java.util.function.BiFunction<T, U, R> : Type points to itself
[MASTER] 05:34:51.955 [pool-2-thread-1] ERROR TestCluster - Failed to check cache for java.util.function.Function<T, R> : Type points to itself
[MASTER] 05:35:15.005 [Thread-4] ERROR ClientNodeImpl - Cannot inform master of change of state
java.rmi.ServerException: RemoteException occurred in server thread; nested exception is: 
	java.rmi.UnmarshalException: error unmarshalling arguments; nested exception is: 
	java.io.OptionalDataException
	at sun.rmi.server.UnicastServerRef.dispatch(UnicastServerRef.java:354) ~[na:1.8.0_77]
	at sun.rmi.transport.Transport$1.run(Transport.java:200) ~[na:1.8.0_77]
	at sun.rmi.transport.Transport$1.run(Transport.java:197) ~[na:1.8.0_77]
	at java.security.AccessController.doPrivileged(Native Method) ~[na:1.8.0_77]
	at sun.rmi.transport.Transport.serviceCall(Transport.java:196) ~[na:1.8.0_77]
	at sun.rmi.transport.tcp.TCPTransport.handleMessages(TCPTransport.java:568) ~[na:1.8.0_77]
	at sun.rmi.transport.tcp.TCPTransport$ConnectionHandler.run0(TCPTransport.java:826) ~[na:1.8.0_77]
	at sun.rmi.transport.tcp.TCPTransport$ConnectionHandler.lambda$run$0(TCPTransport.java:683) ~[na:1.8.0_77]
	at java.security.AccessController.doPrivileged(Native Method) ~[na:1.8.0_77]
	at sun.rmi.transport.tcp.TCPTransport$ConnectionHandler.run(TCPTransport.java:682) ~[na:1.8.0_77]
	at java.util.concurrent.ThreadPoolExecutor.runWorker(ThreadPoolExecutor.java:1142) ~[na:1.8.0_77]
	at java.util.concurrent.ThreadPoolExecutor$Worker.run(ThreadPoolExecutor.java:617) ~[na:1.8.0_77]
	at java.lang.Thread.run(Thread.java:745) ~[na:1.8.0_77]
	at sun.rmi.transport.StreamRemoteCall.exceptionReceivedFromServer(StreamRemoteCall.java:276) ~[na:1.8.0_77]
	at sun.rmi.transport.StreamRemoteCall.executeCall(StreamRemoteCall.java:253) ~[na:1.8.0_77]
	at sun.rmi.server.UnicastRef.invoke(UnicastRef.java:162) ~[na:1.8.0_77]
	at java.rmi.server.RemoteObjectInvocationHandler.invokeRemoteMethod(RemoteObjectInvocationHandler.java:227) ~[na:1.8.0_77]
	at java.rmi.server.RemoteObjectInvocationHandler.invoke(RemoteObjectInvocationHandler.java:179) ~[na:1.8.0_77]
	at com.sun.proxy.$Proxy7.evosuite_collectStatistics(Unknown Source) ~[na:na]
	at org.evosuite.rmi.service.ClientNodeImpl.updateStatistics(ClientNodeImpl.java:237) ~[evosuite-master-1.0.6-SNAPSHOT.jar:1.0.6-SNAPSHOT]
	at org.evosuite.statistics.StatisticsSender.sendIndividualToMaster(StatisticsSender.java:68) [evosuite-master-1.0.6-SNAPSHOT.jar:1.0.6-SNAPSHOT]
	at org.evosuite.statistics.StatisticsListener$1.run(StatisticsListener.java:71) [evosuite-master-1.0.6-SNAPSHOT.jar:1.0.6-SNAPSHOT]
Caused by: java.rmi.UnmarshalException: error unmarshalling arguments; nested exception is: 
	java.io.OptionalDataException
	at sun.rmi.server.UnicastServerRef.dispatch(UnicastServerRef.java:311) ~[na:1.8.0_77]
	at sun.rmi.transport.Transport$1.run(Transport.java:200) ~[na:1.8.0_77]
	at sun.rmi.transport.Transport$1.run(Transport.java:197) ~[na:1.8.0_77]
	at java.security.AccessController.doPrivileged(Native Method) ~[na:1.8.0_77]
	at sun.rmi.transport.Transport.serviceCall(Transport.java:196) ~[na:1.8.0_77]
	at sun.rmi.transport.tcp.TCPTransport.handleMessages(TCPTransport.java:568) ~[na:1.8.0_77]
	at sun.rmi.transport.tcp.TCPTransport$ConnectionHandler.run0(TCPTransport.java:826) ~[na:1.8.0_77]
	at sun.rmi.transport.tcp.TCPTransport$ConnectionHandler.lambda$run$0(TCPTransport.java:683) ~[na:1.8.0_77]
	at java.security.AccessController.doPrivileged(Native Method) ~[na:1.8.0_77]
	at sun.rmi.transport.tcp.TCPTransport$ConnectionHandler.run(TCPTransport.java:682) ~[na:1.8.0_77]
	at java.util.concurrent.ThreadPoolExecutor.runWorker(ThreadPoolExecutor.java:1142) ~[na:1.8.0_77]
	at java.util.concurrent.ThreadPoolExecutor$Worker.run(ThreadPoolExecutor.java:617) ~[na:1.8.0_77]
	at java.lang.Thread.run(Thread.java:745) ~[na:1.8.0_77]
Caused by: java.io.OptionalDataException: null
	at java.io.ObjectInputStream.readObject0(ObjectInputStream.java:1371) ~[na:1.8.0_77]
	at java.io.ObjectInputStream.readObject(ObjectInputStream.java:371) ~[na:1.8.0_77]
	at java.util.HashMap.readObject(HashMap.java:1394) ~[na:1.8.0_77]
	at sun.reflect.GeneratedMethodAccessor7.invoke(Unknown Source) ~[na:na]
	at sun.reflect.DelegatingMethodAccessorImpl.invoke(DelegatingMethodAccessorImpl.java:43) ~[na:1.8.0_77]
	at java.lang.reflect.Method.invoke(Method.java:498) ~[na:1.8.0_77]
	at java.io.ObjectStreamClass.invokeReadObject(ObjectStreamClass.java:1058) ~[na:1.8.0_77]
	at java.io.ObjectInputStream.readSerialData(ObjectInputStream.java:1900) ~[na:1.8.0_77]
	at java.io.ObjectInputStream.readOrdinaryObject(ObjectInputStream.java:1801) ~[na:1.8.0_77]
	at java.io.ObjectInputStream.readObject0(ObjectInputStream.java:1351) ~[na:1.8.0_77]
	at java.io.ObjectInputStream.defaultReadFields(ObjectInputStream.java:2000) ~[na:1.8.0_77]
	at java.io.ObjectInputStream.readSerialData(ObjectInputStream.java:1924) ~[na:1.8.0_77]
	at java.io.ObjectInputStream.readOrdinaryObject(ObjectInputStream.java:1801) ~[na:1.8.0_77]
	at java.io.ObjectInputStream.readObject0(ObjectInputStream.java:1351) ~[na:1.8.0_77]
	at java.io.ObjectInputStream.readObject(ObjectInputStream.java:371) ~[na:1.8.0_77]
	at java.util.HashMap.readObject(HashMap.java:1394) ~[na:1.8.0_77]
	at sun.reflect.GeneratedMethodAccessor7.invoke(Unknown Source) ~[na:na]
	at sun.reflect.DelegatingMethodAccessorImpl.invoke(DelegatingMethodAccessorImpl.java:43) ~[na:1.8.0_77]
	at java.lang.reflect.Method.invoke(Method.java:498) ~[na:1.8.0_77]
	at java.io.ObjectStreamClass.invokeReadObject(ObjectStreamClass.java:1058) ~[na:1.8.0_77]
	at java.io.ObjectInputStream.readSerialData(ObjectInputStream.java:1900) ~[na:1.8.0_77]
	at java.io.ObjectInputStream.readOrdinaryObject(ObjectInputStream.java:1801) ~[na:1.8.0_77]
	at java.io.ObjectInputStream.readObject0(ObjectInputStream.java:1351) ~[na:1.8.0_77]
	at java.io.ObjectInputStream.defaultReadFields(ObjectInputStream.java:2000) ~[na:1.8.0_77]
	at java.io.ObjectInputStream.readSerialData(ObjectInputStream.java:1924) ~[na:1.8.0_77]
	at java.io.ObjectInputStream.readOrdinaryObject(ObjectInputStream.java:1801) ~[na:1.8.0_77]
	at java.io.ObjectInputStream.readObject0(ObjectInputStream.java:1351) ~[na:1.8.0_77]
	at java.io.ObjectInputStream.readObject(ObjectInputStream.java:371) ~[na:1.8.0_77]
	at sun.rmi.server.UnicastRef.unmarshalValue(UnicastRef.java:326) ~[na:1.8.0_77]
	at sun.rmi.server.UnicastServerRef.dispatch(UnicastServerRef.java:308) ~[na:1.8.0_77]
	... 12 common frames omitted
[MASTER] 05:37:33.833 [pool-2-thread-1] ERROR ClientNodeImpl - Cannot inform master of change of state
java.rmi.MarshalException: error marshalling arguments; nested exception is: 
	java.net.SocketException: Broken pipe
	at sun.rmi.server.UnicastRef.invoke(UnicastRef.java:158) ~[na:1.8.0_77]
	at java.rmi.server.RemoteObjectInvocationHandler.invokeRemoteMethod(RemoteObjectInvocationHandler.java:227) ~[na:1.8.0_77]
	at java.rmi.server.RemoteObjectInvocationHandler.invoke(RemoteObjectInvocationHandler.java:179) ~[na:1.8.0_77]
	at com.sun.proxy.$Proxy7.evosuite_collectStatistics(Unknown Source) ~[na:na]
	at org.evosuite.rmi.service.ClientNodeImpl.updateStatistics(ClientNodeImpl.java:237) ~[evosuite-master-1.0.6-SNAPSHOT.jar:1.0.6-SNAPSHOT]
	at org.evosuite.statistics.StatisticsSender.sendIndividualToMaster(StatisticsSender.java:68) [evosuite-master-1.0.6-SNAPSHOT.jar:1.0.6-SNAPSHOT]
	at org.evosuite.TestSuiteGenerator.postProcessTests(TestSuiteGenerator.java:522) [evosuite-master-1.0.6-SNAPSHOT.jar:1.0.6-SNAPSHOT]
	at org.evosuite.TestSuiteGenerator.generateTestSuite(TestSuiteGenerator.java:238) [evosuite-master-1.0.6-SNAPSHOT.jar:1.0.6-SNAPSHOT]
	at org.evosuite.rmi.service.ClientNodeImpl$1.run(ClientNodeImpl.java:145) [evosuite-master-1.0.6-SNAPSHOT.jar:1.0.6-SNAPSHOT]
	at java.util.concurrent.Executors$RunnableAdapter.call(Executors.java:511) [na:1.8.0_77]
	at java.util.concurrent.FutureTask.run(FutureTask.java:266) [na:1.8.0_77]
	at java.util.concurrent.ThreadPoolExecutor.runWorker(ThreadPoolExecutor.java:1142) [na:1.8.0_77]
	at java.util.concurrent.ThreadPoolExecutor$Worker.run(ThreadPoolExecutor.java:617) [na:1.8.0_77]
	at java.lang.Thread.run(Thread.java:745) [na:1.8.0_77]
Caused by: java.net.SocketException: Broken pipe
	at java.net.SocketOutputStream.socketWrite0(Native Method) ~[na:1.8.0_77]
	at java.net.SocketOutputStream.socketWrite(SocketOutputStream.java:109) ~[na:1.8.0_77]
	at java.net.SocketOutputStream.write(SocketOutputStream.java:153) ~[na:1.8.0_77]
	at java.io.BufferedOutputStream.flushBuffer(BufferedOutputStream.java:82) ~[na:1.8.0_77]
	at java.io.BufferedOutputStream.write(BufferedOutputStream.java:126) ~[na:1.8.0_77]
	at java.io.ObjectOutputStream$BlockDataOutputStream.drain(ObjectOutputStream.java:1877) ~[na:1.8.0_77]
	at java.io.ObjectOutputStream$BlockDataOutputStream.setBlockDataMode(ObjectOutputStream.java:1786) ~[na:1.8.0_77]
	at java.io.ObjectOutputStream.writeNonProxyDesc(ObjectOutputStream.java:1286) ~[na:1.8.0_77]
	at java.io.ObjectOutputStream.writeClassDesc(ObjectOutputStream.java:1231) ~[na:1.8.0_77]
	at java.io.ObjectOutputStream.writeOrdinaryObject(ObjectOutputStream.java:1427) ~[na:1.8.0_77]
	at java.io.ObjectOutputStream.writeObject0(ObjectOutputStream.java:1178) ~[na:1.8.0_77]
	at java.io.ObjectOutputStream.writeFatalException(ObjectOutputStream.java:1577) ~[na:1.8.0_77]
	at java.io.ObjectOutputStream.writeObject(ObjectOutputStream.java:351) ~[na:1.8.0_77]
	at sun.rmi.server.UnicastRef.marshalValue(UnicastRef.java:294) ~[na:1.8.0_77]
	at sun.rmi.server.UnicastRef.invoke(UnicastRef.java:153) ~[na:1.8.0_77]
	... 13 common frames omitted
