* Starting client
* Connecting to master process on port 5029
* Analyzing classpath: 
  - /Users/Peifeng/Desktop/Study/Topics-in-Software-Engineering/project/evosuite/http-request/lib/target/classes
  - /Library/Java/JavaVirtualMachines/jdk1.8.0_77.jdk/Contents/Home/jre/lib/charsets.jar
  - /Library/Java/JavaVirtualMachines/jdk1.8.0_77.jdk/Contents/Home/jre/lib/deploy.jar
  - /Library/Java/JavaVirtualMachines/jdk1.8.0_77.jdk/Contents/Home/jre/lib/ext/cldrdata.jar
  - /Library/Java/JavaVirtualMachines/jdk1.8.0_77.jdk/Contents/Home/jre/lib/ext/dnsns.jar
  - /Library/Java/JavaVirtualMachines/jdk1.8.0_77.jdk/Contents/Home/jre/lib/ext/jaccess.jar
  - /Library/Java/JavaVirtualMachines/jdk1.8.0_77.jdk/Contents/Home/jre/lib/ext/jfxrt.jar
  - /Library/Java/JavaVirtualMachines/jdk1.8.0_77.jdk/Contents/Home/jre/lib/ext/localedata.jar
  - /Library/Java/JavaVirtualMachines/jdk1.8.0_77.jdk/Contents/Home/jre/lib/ext/nashorn.jar
  - /Library/Java/JavaVirtualMachines/jdk1.8.0_77.jdk/Contents/Home/jre/lib/ext/sunec.jar
  - /Library/Java/JavaVirtualMachines/jdk1.8.0_77.jdk/Contents/Home/jre/lib/ext/sunjce_provider.jar
  - /Library/Java/JavaVirtualMachines/jdk1.8.0_77.jdk/Contents/Home/jre/lib/ext/sunpkcs11.jar
  - /Library/Java/JavaVirtualMachines/jdk1.8.0_77.jdk/Contents/Home/jre/lib/ext/zipfs.jar
  - /Library/Java/JavaVirtualMachines/jdk1.8.0_77.jdk/Contents/Home/jre/lib/javaws.jar
  - /Library/Java/JavaVirtualMachines/jdk1.8.0_77.jdk/Contents/Home/jre/lib/jce.jar
  - /Library/Java/JavaVirtualMachines/jdk1.8.0_77.jdk/Contents/Home/jre/lib/jfr.jar
  - /Library/Java/JavaVirtualMachines/jdk1.8.0_77.jdk/Contents/Home/jre/lib/jfxswt.jar
  - /Library/Java/JavaVirtualMachines/jdk1.8.0_77.jdk/Contents/Home/jre/lib/jsse.jar
  - /Library/Java/JavaVirtualMachines/jdk1.8.0_77.jdk/Contents/Home/jre/lib/management-agent.jar
  - /Library/Java/JavaVirtualMachines/jdk1.8.0_77.jdk/Contents/Home/jre/lib/plugin.jar
  - /Library/Java/JavaVirtualMachines/jdk1.8.0_77.jdk/Contents/Home/jre/lib/resources.jar
  - /Library/Java/JavaVirtualMachines/jdk1.8.0_77.jdk/Contents/Home/jre/lib/rt.jar
  - /Library/Java/JavaVirtualMachines/jdk1.8.0_77.jdk/Contents/Home/lib/ant-javafx.jar
  - /Library/Java/JavaVirtualMachines/jdk1.8.0_77.jdk/Contents/Home/lib/dt.jar
  - /Library/Java/JavaVirtualMachines/jdk1.8.0_77.jdk/Contents/Home/lib/javafx-mx.jar
  - /Library/Java/JavaVirtualMachines/jdk1.8.0_77.jdk/Contents/Home/lib/jconsole.jar
  - /Library/Java/JavaVirtualMachines/jdk1.8.0_77.jdk/Contents/Home/lib/packager.jar
  - /Library/Java/JavaVirtualMachines/jdk1.8.0_77.jdk/Contents/Home/lib/sa-jdi.jar
  - /Library/Java/JavaVirtualMachines/jdk1.8.0_77.jdk/Contents/Home/lib/tools.jar
  - /Users/Peifeng/Desktop/Study/Topics-in-Software-Engineering/project/evosuite/http-request/lib/target/test-classes
  - /Users/Peifeng/Desktop/Study/Topics-in-Software-Engineering/project/evosuite/http-request/lib/target/classes
  - /Users/Peifeng/.m2/repository/junit/junit/4.10/junit-4.10.jar
  - /Users/Peifeng/.m2/repository/org/hamcrest/hamcrest-core/1.1/hamcrest-core-1.1.jar
  - /Users/Peifeng/.m2/repository/org/eclipse/jetty/jetty-server/8.1.9.v20130131/jetty-server-8.1.9.v20130131.jar
  - /Users/Peifeng/.m2/repository/org/eclipse/jetty/orbit/javax.servlet/3.0.0.v201112011016/javax.servlet-3.0.0.v201112011016.jar
  - /Users/Peifeng/.m2/repository/org/eclipse/jetty/jetty-continuation/8.1.9.v20130131/jetty-continuation-8.1.9.v20130131.jar
  - /Users/Peifeng/.m2/repository/org/eclipse/jetty/jetty-http/8.1.9.v20130131/jetty-http-8.1.9.v20130131.jar
  - /Users/Peifeng/.m2/repository/org/eclipse/jetty/jetty-io/8.1.9.v20130131/jetty-io-8.1.9.v20130131.jar
  - /Users/Peifeng/.m2/repository/org/eclipse/jetty/jetty-servlet/8.1.9.v20130131/jetty-servlet-8.1.9.v20130131.jar
  - /Users/Peifeng/.m2/repository/org/eclipse/jetty/jetty-security/8.1.9.v20130131/jetty-security-8.1.9.v20130131.jar
  - /Users/Peifeng/.m2/repository/org/eclipse/jetty/jetty-servlets/8.1.9.v20130131/jetty-servlets-8.1.9.v20130131.jar
  - /Users/Peifeng/.m2/repository/org/eclipse/jetty/jetty-client/8.1.9.v20130131/jetty-client-8.1.9.v20130131.jar
  - /Users/Peifeng/.m2/repository/org/eclipse/jetty/jetty-util/8.1.9.v20130131/jetty-util-8.1.9.v20130131.jar
* Finished analyzing classpath
* Generating tests for class com.github.kevinsawicki.http.HttpRequest
* Test criteria:
  - Line Coverage
  - Branch Coverage
  - Exception
  - Mutation testing (weak)
  - Method-Output Coverage
  - Top-Level Method Coverage
  - No-Exception Top-Level Method Coverage
  - Context Branch Coverage
* Setting up search algorithm for whole suite generation
[MASTER] 02:18:50.355 [pool-2-thread-1] WARN  TestSuiteSerialization - Cannot load tests because file does not exist: /Users/Peifeng/Desktop/Study/Topics-in-Software-Engineering/project/evosuite/http-request/lib/.evosuite/evosuite-seeds/com.github.kevinsawicki.http.HttpRequest.seed
* Loaded 0 tests from /Users/Peifeng/Desktop/Study/Topics-in-Software-Engineering/project/evosuite/http-request/lib/.evosuite/evosuite-seeds/com.github.kevinsawicki.http.HttpRequest.seed
* Total number of test goals: 
  - Line 706
  - Branch 463
  - Exception 0
  - MutationFactory 830
  - Output 758
  - Method 172
  - MethodNoException 172
  - CBranchFitnessFactory 463
* Using seed 1513333092634
* Starting evolution

Start Time: 2017-12-15T10:20:12.489Z
[CS527 Peifeng] [Coverage: 33.36%] [Elapsed Time: 0:00:05 | 5424 mS]
[CS527 Peifeng] [Coverage: 33.37%] [Elapsed Time: 0:00:08 | 8199 mS]
[CS527 Peifeng] [Coverage: 33.48%] [Elapsed Time: 0:00:11 | 11803 mS]
[CS527 Peifeng] [Coverage: 33.60%] [Elapsed Time: 0:00:14 | 14907 mS]
[CS527 Peifeng] [Coverage: 33.77%] [Elapsed Time: 0:00:17 | 17220 mS]
[CS527 Peifeng] [Coverage: 33.90%] [Elapsed Time: 0:00:18 | 18979 mS]
[CS527 Peifeng] [Coverage: 33.96%] [Elapsed Time: 0:00:21 | 21146 mS]
[CS527 Peifeng] [Coverage: 34.27%] [Elapsed Time: 0:00:22 | 22407 mS]
[CS527 Peifeng] [Coverage: 34.66%] [Elapsed Time: 0:00:24 | 24064 mS]
[CS527 Peifeng] [Coverage: 34.72%] [Elapsed Time: 0:00:26 | 26136 mS]
[CS527 Peifeng] [Coverage: 34.96%] [Elapsed Time: 0:00:27 | 27482 mS]
[CS527 Peifeng] [Coverage: 35.63%] [Elapsed Time: 0:00:30 | 30319 mS]
[CS527 Peifeng] [Coverage: 35.70%] [Elapsed Time: 0:00:31 | 31521 mS]
[CS527 Peifeng] [Coverage: 35.82%] [Elapsed Time: 0:00:33 | 33518 mS]
[CS527 Peifeng] [Coverage: 36.84%] [Elapsed Time: 0:00:34 | 34570 mS]
[CS527 Peifeng] [Coverage: 37.34%] [Elapsed Time: 0:00:35 | 35844 mS]
[CS527 Peifeng] [Coverage: 37.62%] [Elapsed Time: 0:00:37 | 37415 mS]
[CS527 Peifeng] [Coverage: 38.69%] [Elapsed Time: 0:00:39 | 39684 mS]
[CS527 Peifeng] [Coverage: 40.32%] [Elapsed Time: 0:00:41 | 41330 mS]
[CS527 Peifeng] [Coverage: 41.16%] [Elapsed Time: 0:00:42 | 42777 mS]
[CS527 Peifeng] [Coverage: 41.59%] [Elapsed Time: 0:00:44 | 44368 mS]
[CS527 Peifeng] [Coverage: 41.77%] [Elapsed Time: 0:00:45 | 45394 mS]
[CS527 Peifeng] [Coverage: 42.07%] [Elapsed Time: 0:00:47 | 47047 mS]
[CS527 Peifeng] [Coverage: 42.07%] [Elapsed Time: 0:00:48 | 48417 mS]
[CS527 Peifeng] [Coverage: 42.88%] [Elapsed Time: 0:00:49 | 49543 mS]
[CS527 Peifeng] [Coverage: 43.01%] [Elapsed Time: 0:00:50 | 50935 mS]
[CS527 Peifeng] [Coverage: 43.17%] [Elapsed Time: 0:00:52 | 52494 mS]
[CS527 Peifeng] [Coverage: 43.17%] [Elapsed Time: 0:00:53 | 53929 mS]
[CS527 Peifeng] [Coverage: 43.73%] [Elapsed Time: 0:00:55 | 55052 mS]
[CS527 Peifeng] [Coverage: 43.81%] [Elapsed Time: 0:00:56 | 56656 mS]
[CS527 Peifeng] [Coverage: 44.41%] [Elapsed Time: 0:00:58 | 58390 mS]
[CS527 Peifeng] [Coverage: 44.41%] [Elapsed Time: 0:00:59 | 59416 mS]
[CS527 Peifeng] [Coverage: 44.43%] [Elapsed Time: 0:01:00 | 60406 mS]
[CS527 Peifeng] [Coverage: 44.76%] [Elapsed Time: 0:01:01 | 61490 mS]
[CS527 Peifeng] [Coverage: 44.77%] [Elapsed Time: 0:01:03 | 63816 mS]
[CS527 Peifeng] [Coverage: 45.05%] [Elapsed Time: 0:01:04 | 64792 mS]
[CS527 Peifeng] [Coverage: 45.29%] [Elapsed Time: 0:01:06 | 66092 mS]
[CS527 Peifeng] [Coverage: 46.13%] [Elapsed Time: 0:01:07 | 67689 mS]
[CS527 Peifeng] [Coverage: 46.21%] [Elapsed Time: 0:01:08 | 68914 mS]
[CS527 Peifeng] [Coverage: 46.60%] [Elapsed Time: 0:01:14 | 74940 mS]
[CS527 Peifeng] [Coverage: 46.63%] [Elapsed Time: 0:01:16 | 76247 mS]
[CS527 Peifeng] [Coverage: 46.66%] [Elapsed Time: 0:01:18 | 78021 mS]
[CS527 Peifeng] [Coverage: 47.04%] [Elapsed Time: 0:01:19 | 79728 mS]
[CS527 Peifeng] [Coverage: 47.34%] [Elapsed Time: 0:01:22 | 82225 mS]
[CS527 Peifeng] [Coverage: 47.25%] [Elapsed Time: 0:01:25 | 85815 mS]
[CS527 Peifeng] [Coverage: 47.51%] [Elapsed Time: 0:01:29 | 89510 mS]
[CS527 Peifeng] [Coverage: 48.14%] [Elapsed Time: 0:01:33 | 93495 mS]
[CS527 Peifeng] [Coverage: 48.19%] [Elapsed Time: 0:01:36 | 96019 mS]
[CS527 Peifeng] [Coverage: 48.19%] [Elapsed Time: 0:01:37 | 97547 mS]
[CS527 Peifeng] [Coverage: 48.28%] [Elapsed Time: 0:01:39 | 99283 mS]
[CS527 Peifeng] [Coverage: 48.28%] [Elapsed Time: 0:01:40 | 100960 mS]
[CS527 Peifeng] [Coverage: 48.48%] [Elapsed Time: 0:01:43 | 103236 mS]
[CS527 Peifeng] [Coverage: 49.04%] [Elapsed Time: 0:01:44 | 104900 mS]
[CS527 Peifeng] [Coverage: 49.66%] [Elapsed Time: 0:01:47 | 107815 mS]
[CS527 Peifeng] [Coverage: 49.69%] [Elapsed Time: 0:01:50 | 110671 mS]
[CS527 Peifeng] [Coverage: 49.74%] [Elapsed Time: 0:01:54 | 114474 mS]
[CS527 Peifeng] [Coverage: 49.93%] [Elapsed Time: 0:01:56 | 116554 mS]
[CS527 Peifeng] [Coverage: 50.03%] [Elapsed Time: 0:01:58 | 118067 mS]
[CS527 Peifeng] [Coverage: 50.12%] [Elapsed Time: 0:01:59 | 119483 mS]
[CS527 Peifeng] [Coverage: 50.19%] [Elapsed Time: 0:02:01 | 121655 mS]
[CS527 Peifeng] [Coverage: 50.41%] [Elapsed Time: 0:02:03 | 123960 mS]
[CS527 Peifeng] [Coverage: 50.41%] [Elapsed Time: 0:02:05 | 125495 mS]
[CS527 Peifeng] [Coverage: 50.46%] [Elapsed Time: 0:02:07 | 127079 mS]
[CS527 Peifeng] [Coverage: 50.73%] [Elapsed Time: 0:02:09 | 129663 mS]
[CS527 Peifeng] [Coverage: 50.73%] [Elapsed Time: 0:02:11 | 131390 mS]
[CS527 Peifeng] [Coverage: 50.75%] [Elapsed Time: 0:02:14 | 134261 mS]
[CS527 Peifeng] [Coverage: 50.75%] [Elapsed Time: 0:02:16 | 136385 mS]
[CS527 Peifeng] [Coverage: 50.89%] [Elapsed Time: 0:02:18 | 138092 mS]
[CS527 Peifeng] [Coverage: 50.89%] [Elapsed Time: 0:02:19 | 139613 mS]
[CS527 Peifeng] [Coverage: 50.89%] [Elapsed Time: 0:02:21 | 141234 mS]
[CS527 Peifeng] [Coverage: 50.92%] [Elapsed Time: 0:02:22 | 142964 mS]
[CS527 Peifeng] [Coverage: 50.92%] [Elapsed Time: 0:02:24 | 144693 mS]
[CS527 Peifeng] [Coverage: 51.18%] [Elapsed Time: 0:02:26 | 146529 mS]
[CS527 Peifeng] [Coverage: 51.25%] [Elapsed Time: 0:02:28 | 148881 mS]
[CS527 Peifeng] [Coverage: 51.25%] [Elapsed Time: 0:02:31 | 151267 mS]
[CS527 Peifeng] [Coverage: 51.31%] [Elapsed Time: 0:02:35 | 155135 mS]
[CS527 Peifeng] [Coverage: 51.47%] [Elapsed Time: 0:02:37 | 157241 mS]
[CS527 Peifeng] [Coverage: 51.55%] [Elapsed Time: 0:02:39 | 159589 mS]
[CS527 Peifeng] [Coverage: 51.55%] [Elapsed Time: 0:02:41 | 161241 mS]
[CS527 Peifeng] [Coverage: 51.57%] [Elapsed Time: 0:02:42 | 162767 mS]
[CS527 Peifeng] [Coverage: 51.64%] [Elapsed Time: 0:02:44 | 164041 mS]
[CS527 Peifeng] [Coverage: 51.89%] [Elapsed Time: 0:02:46 | 166405 mS]
[CS527 Peifeng] [Coverage: 51.96%] [Elapsed Time: 0:02:49 | 169141 mS]
[CS527 Peifeng] [Coverage: 52.08%] [Elapsed Time: 0:02:51 | 171276 mS]
[CS527 Peifeng] [Coverage: 52.35%] [Elapsed Time: 0:02:55 | 175654 mS]
[CS527 Peifeng] [Coverage: 52.61%] [Elapsed Time: 0:02:59 | 179100 mS]
[CS527 Peifeng] [Coverage: 52.63%] [Elapsed Time: 0:03:01 | 181630 mS]
[CS527 Peifeng] [Coverage: 52.74%] [Elapsed Time: 0:03:05 | 185583 mS]
[CS527 Peifeng] Saving best population to /Users/Peifeng/Desktop/Study/Topics-in-Software-Engineering/project/evosuite/http-request/lib/.evosuite-custom/population-com.github.kevinsawicki.http.HttpRequest.txt, population size: 51
[CS527 Peifeng] Coverage of the population: 52.63%,52.61%,52.61%,52.61%,52.61%,52.61%,52.61%,52.61%,52.61%,52.61%,52.61%,52.67%,52.67%,52.56%,52.69%,52.69%,52.58%,52.67%,52.67%,52.58%,52.58%,52.58%,52.58%,52.58%,52.58%,52.69%,52.58%,52.69%,52.58%,52.58%,52.58%,52.58%,52.58%,52.69%,52.69%,52.69%,52.61%,52.58%,52.58%,52.58%,52.58%,52.58%,52.58%,52.58%,52.56%,52.56%,52.56%,52.51%,52.58%,52.49%,52.56%
[MASTER] 02:23:28.602 [pool-2-thread-1] WARN  TimeController - Operation 'update from archive' took too long: 5074ms
* Search finished after 278s and 88 generations, 30227 statements, best individual has fitness: 3039.5823811159944
* Writing sequences to pool
* Minimizing test suite
[MASTER] 02:24:22.288 [pool-2-thread-1] WARN  TestSuiteMinimizer - Minimization timeout. Roll back to original test suite
* Going to analyze the coverage criteria
* Coverage analysis for criterion LINE
* Coverage of criterion LINE: 69%
* Total number of goals: 706
* Number of covered goals: 487
* Coverage analysis for criterion BRANCH
* Coverage of criterion BRANCH: 63%
* Total number of goals: 463
* Number of covered goals: 290
* Coverage analysis for criterion EXCEPTION
* Coverage of criterion EXCEPTION: 100%
* Total number of goals: 146
* Number of covered goals: 146
* Coverage analysis for criterion WEAKMUTATION
* Coverage of criterion WEAKMUTATION: 66%
* Total number of goals: 830
* Number of covered goals: 546
* Coverage analysis for criterion OUTPUT
* Coverage of criterion OUTPUT: 14%
* Total number of goals: 758
* Number of covered goals: 104
* Coverage analysis for criterion METHOD
* Coverage of criterion METHOD: 90%
* Total number of goals: 172
* Number of covered goals: 154
* Coverage analysis for criterion METHODNOEXCEPTION
* Coverage of criterion METHODNOEXCEPTION: 47%
* Total number of goals: 172
* Number of covered goals: 81
* Coverage analysis for criterion CBRANCH
* Coverage of criterion CBRANCH: 56%
* Total number of goals: 463
* Number of covered goals: 260
* Generated 212 tests with total length 1512
* Resulting test suite's coverage: 55% (average coverage for all fitness functions)
* Generating assertions
[MASTER] 02:25:08.926 [pool-2-thread-1] WARN  SimpleMutationAssertionGenerator - Assertion minimization is taking too long (0.8080227272727273% of time used, but only 11/212 tests minimized), falling back to using all assertions
[MASTER] 02:25:17.445 [pool-2-thread-1] WARN  SimpleMutationAssertionGenerator - Reached maximum time to generate assertions, aborting assertion generation
* Resulting test suite's mutation score: 2%
* Compiling and checking tests
* Permissions denied during test execution: 
  - java.lang.RuntimePermission: 
         writeFileDescriptor: 7
* Writing JUnit test case 'HttpRequest_ESTest' to /Users/Peifeng/Desktop/Study/Topics-in-Software-Engineering/project/evosuite/http-request/lib/.evosuite/tmp_2017_12_15_02_17_54/tests
* Done!

